C51 COMPILER V9.60.7.0   MAIN                                                              10/28/2023 19:02:01 PAGE 1   


C51 COMPILER V9.60.7.0, COMPILATION OF MODULE MAIN
OBJECT MODULE PLACED IN .\Objects\main.obj
COMPILER INVOKED BY: D:\C51\BIN\C51.EXE main.c OPTIMIZE(8,SPEED) BROWSE INCDIR(D:\MS51FB9AE-master\src\Library\Device\In
                    -clude;D:\MS51FB9AE-master\src\Library\StdDriver\inc) DEBUG OBJECTEXTEND PRINT(.\Listings\main.lst) TABS(2) OBJECT(.\Obje
                    -cts\main.obj)

line level    source

   1          #include "MS51_16K.H"
   2          #include "Delay.h"
   3          
   4           
   5          void sw_delay(int ms);
   6           
   7          /*                
   8          main function
   9          */
  10          void main (void)
  11          {
  12   1        ALL_GPIO_QUASI_MODE;
  13   1       while(1)
  14   1       {
  15   2         P12 = 0xFF;
  16   2         sw_delay(4000); 
  17   2         P12 = 0x00;
  18   2         sw_delay(4000);
  19   2       }
  20   1       
  21   1      }
  22          // Software based delay. Time is not accurate.
  23          void sw_delay (int ms){
  24   1          int a, b;
  25   1          for (a=0; a<1296; a++){
  26   2                   for (b=0; b<ms; b++);
  27   2      }
  28   1      }


MODULE INFORMATION:   STATIC OVERLAYABLE
   CODE SIZE        =     89    ----
   CONSTANT SIZE    =   ----    ----
   XDATA SIZE       =   ----    ----
   PDATA SIZE       =   ----    ----
   DATA SIZE        =   ----    ----
   IDATA SIZE       =   ----    ----
   BIT SIZE         =   ----    ----
END OF MODULE INFORMATION.


C51 COMPILATION COMPLETE.  0 WARNING(S),  0 ERROR(S)
