C51 COMPILER V9.60.7.0   MAIN                                                              11/06/2023 19:11:45 PAGE 1   


C51 COMPILER V9.60.7.0, COMPILATION OF MODULE MAIN
OBJECT MODULE PLACED IN .\Objects\main.obj
COMPILER INVOKED BY: C:\Keil_v5\C51\BIN\C51.EXE main.c LARGE OPTIMIZE(8,SPEED) BROWSE ORDER INCDIR(D:\MS51BSP_KEIL-maste
                    -r\MS51FB9AE_MS51XB9AE_MS51XB9BE\Library\Device\Include;D:\MS51BSP_KEIL-master\MS51FB9AE_MS51XB9AE_MS51XB9BE\Library\StdD
                    -river\inc) DEBUG OBJECTEXTEND PRINT(.\Listings\main.lst) TABS(2) OBJECT(.\Objects\main.obj)

line level    source

   1          /*--------------------------------------------------------------------------------------------------------
             --*/
   2          /*                                                                                                        
             - */
   3          /* SPDX-License-Identifier: Apache-2.0                                                                    
             - */
   4          /* Copyright(c) 2020 Nuvoton Technology Corp. All rights reserved.                                        
             - */
   5          /*                                                                                                        
             - */
   6          /*--------------------------------------------------------------------------------------------------------
             --*/
   7          
   8          
   9          /*********************************************************************************************************
             -**
  10          //  File Function: MS51 UART0 receive and transmit loop test
  11          /*********************************************************************************************************
             -**/
  12          #include "MS51_16K.H"
  13          
  14          unsigned char uart_receive_data;
  15          bit receiveFlag,bufOverFlag;
  16          
  17          void Serial_ISR(void) interrupt 4
  18          {
  19   1          _push_(SFRS);
  20   1        
  21   1          if (RI)
  22   1          {
  23   2              uart0_receive_flag = 1;
  24   2              uart0_receive_data = SBUF;
  25   2              clr_SCON_RI;                                         // Clear RI (Receive Interrupt).
  26   2          }
  27   1      
  28   1          if (TI)
  29   1          {
  30   2              if (!PRINTFG)
  31   2              {
  32   3                  TI = 0;
  33   3              }
  34   2          }
  35   1      
  36   1          _pop_(SFRS);
  37   1      }
  38          
  39          /*********************************************************************************************************
             -***/
  40          /*  Main function                                                                                         
             -  */
  41          /*********************************************************************************************************
             -***/
  42           void main(void)
C51 COMPILER V9.60.7.0   MAIN                                                              11/06/2023 19:11:45 PAGE 2   

  43          {
  44   1        
  45   1      unsigned char i,j;
  46   1      unsigned char ArrayData[30] ;
  47   1        
  48   1          ALL_GPIO_QUASI_MODE;
  49   1      /* Modify HIRC to 24MHz for UART printf function only */
  50   1          MODIFY_HIRC(HIRC_24);
  51   1          P06_QUASI_MODE;
  52   1          UART_Open(24000000,UART0_Timer3,115200);
  53   1          ENABLE_UART0_INTERRUPT;                                  /* Enable UART0 interrupt */
  54   1          ENABLE_GLOBAL_INTERRUPT;
  55   1          ENABLE_UART0_PRINTF;
  56   1        /* Global interrupt enable */
  57   1      /* while receive data from RXD, send this data to TXD */
  58   1        while(1)
  59   1        {
  60   2          if (uart0_receive_flag)
  61   2          {
  62   3            i++;
  63   3            GPIO_LED ^= 1;
  64   3            ArrayData[i]  = uart0_receive_data;
  65   3            uart0_receive_flag = 0;
  66   3          }
  67   2          if(i >= 30)
  68   2          {
  69   3            for(j = 0; j <= 30; j++){
  70   4               printf("%c",ArrayData[j]);
  71   4            }
  72   3            i = 0;
  73   3          }
  74   2          
  75   2        }
  76   1      }


MODULE INFORMATION:   STATIC OVERLAYABLE
   CODE SIZE        =    228    ----
   CONSTANT SIZE    =      3    ----
   XDATA SIZE       =      1      32
   PDATA SIZE       =   ----    ----
   DATA SIZE        =   ----    ----
   IDATA SIZE       =   ----    ----
   BIT SIZE         =      2    ----
END OF MODULE INFORMATION.


C51 COMPILATION COMPLETE.  0 WARNING(S),  0 ERROR(S)
